<?xml version="1.0" encoding="UTF-8"?>
<!-- Generated by org.testng.reporters.JUnitXMLReporter -->
<testsuite ignored="0" hostname="MSI" failures="4" tests="4" name="Shopping Cart Functionality Tests" time="32.989" errors="0" timestamp="2025-02-27T09:57:01 COT">
  <testcase classname="com.expresscart.tests.CartFunctionalityTest" name="testAddProductToCart" time="5.203">
    <failure type="java.lang.AssertionError" message="El carrito no debería estar vacío expected [false] but found [true]">
      <![CDATA[java.lang.AssertionError: El carrito no debería estar vacío expected [false] but found [true]
at com.expresscart.tests.CartFunctionalityTest.testAddProductToCart(CartFunctionalityTest.java:39)
at java.base/java.util.ArrayList.forEach(ArrayList.java:1597)
at java.base/java.util.concurrent.FutureTask.run(FutureTask.java:317)
at java.base/java.util.concurrent.ThreadPoolExecutor.runWorker(ThreadPoolExecutor.java:1144)
at java.base/java.util.concurrent.ThreadPoolExecutor$Worker.run(ThreadPoolExecutor.java:642)
at java.base/java.lang.Thread.run(Thread.java:1570)
... Removed 18 stack frames]]>
    </failure>
  </testcase> <!-- testAddProductToCart -->
  <testcase classname="com.expresscart.tests.CartFunctionalityTest" name="testCartTotalCalculation" time="2.696">
    <failure type="java.lang.AssertionError" message="La cantidad del producto debería ser 2 expected [2] but found [0]">
      <![CDATA[java.lang.AssertionError: La cantidad del producto debería ser 2 expected [2] but found [0]
at com.expresscart.tests.CartFunctionalityTest.testCartTotalCalculation(CartFunctionalityTest.java:128)
at java.base/java.util.ArrayList.forEach(ArrayList.java:1597)
at java.base/java.util.concurrent.FutureTask.run(FutureTask.java:317)
at java.base/java.util.concurrent.ThreadPoolExecutor.runWorker(ThreadPoolExecutor.java:1144)
at java.base/java.util.concurrent.ThreadPoolExecutor$Worker.run(ThreadPoolExecutor.java:642)
at java.base/java.lang.Thread.run(Thread.java:1570)
... Removed 21 stack frames]]>
    </failure>
  </testcase> <!-- testCartTotalCalculation -->
  <testcase classname="com.expresscart.tests.CartFunctionalityTest" name="testMaxQuantityLimit" time="2.542">
    <failure type="java.lang.AssertionError" message="La cantidad del producto debería limitarse al máximo configurado (10) expected [10] but found [0]">
      <![CDATA[java.lang.AssertionError: La cantidad del producto debería limitarse al máximo configurado (10) expected [10] but found [0]
at com.expresscart.tests.CartFunctionalityTest.testMaxQuantityLimit(CartFunctionalityTest.java:168)
at java.base/java.util.ArrayList.forEach(ArrayList.java:1597)
at java.base/java.util.concurrent.FutureTask.run(FutureTask.java:317)
at java.base/java.util.concurrent.ThreadPoolExecutor.runWorker(ThreadPoolExecutor.java:1144)
at java.base/java.util.concurrent.ThreadPoolExecutor$Worker.run(ThreadPoolExecutor.java:642)
at java.base/java.lang.Thread.run(Thread.java:1570)
... Removed 21 stack frames]]>
    </failure>
  </testcase> <!-- testMaxQuantityLimit -->
  <testcase classname="com.expresscart.tests.CartFunctionalityTest" name="testRemoveProductFromCart" time="8.861">
    <failure type="java.lang.AssertionError" message="El carrito debería tener 2 productos expected [2] but found [0]">
      <![CDATA[java.lang.AssertionError: El carrito debería tener 2 productos expected [2] but found [0]
at com.expresscart.tests.CartFunctionalityTest.testRemoveProductFromCart(CartFunctionalityTest.java:81)
at java.base/java.util.ArrayList.forEach(ArrayList.java:1597)
at java.base/java.util.concurrent.FutureTask.run(FutureTask.java:317)
at java.base/java.util.concurrent.ThreadPoolExecutor.runWorker(ThreadPoolExecutor.java:1144)
at java.base/java.util.concurrent.ThreadPoolExecutor$Worker.run(ThreadPoolExecutor.java:642)
at java.base/java.lang.Thread.run(Thread.java:1570)
... Removed 21 stack frames]]>
    </failure>
  </testcase> <!-- testRemoveProductFromCart -->
</testsuite> <!-- Shopping Cart Functionality Tests -->
