<?xml version="1.0" encoding="UTF-8"?>
<!-- Generated by org.testng.reporters.JUnitXMLReporter -->
<testsuite ignored="0" hostname="MSI" failures="0" tests="2" name="Shopping Cart Error Handling Tests" time="12.568" errors="0" timestamp="2025-02-27T09:56:41 COT">
  <testcase classname="com.expresscart.tests.CartErrorHandlingTest" name="testInvalidQuantityError" time="2.367"/>
  <testcase classname="com.expresscart.tests.CartErrorHandlingTest" name="testServerErrorHandling" time="1.765"/>
</testsuite> <!-- Shopping Cart Error Handling Tests -->
